#
# There is insufficient memory for the Java Runtime Environment to continue.
# Native memory allocation (malloc) failed to allocate 129904 bytes for Chunk::new
# Possible reasons:
#   The system is out of physical RAM or swap space
#   The process is running with CompressedOops enabled, and the Java Heap may be blocking the growth of the native heap
# Possible solutions:
#   Reduce memory load on the system
#   Increase physical memory or swap space
#   Check if swap backing store is full
#   Decrease Java heap size (-Xmx/-Xms)
#   Decrease number of Java threads
#   Decrease Java thread stack sizes (-Xss)
#   Set larger code cache with -XX:ReservedCodeCacheSize=
#   JVM is running with Unscaled Compressed Oops mode in which the Java heap is
#     placed in the first 4GB address space. The Java Heap base address is the
#     maximum limit for the native heap growth. Please use -XX:HeapBaseMinAddress
#     to set the Java Heap base and to place the Java Heap above 4GB virtual address.
# This output file may be truncated or incomplete.
#
#  Out of Memory Error (arena.cpp:184), pid=5076, tid=10232
#
# JRE version: Java(TM) SE Runtime Environment (19.0.2+7) (build 19.0.2+7-44)
# Java VM: Java HotSpot(TM) 64-Bit Server VM (19.0.2+7-44, mixed mode, sharing, tiered, compressed oops, compressed class ptrs, g1 gc, windows-amd64)
# No core dump will be written. Minidumps are not enabled by default on client versions of Windows
#

---------------  S U M M A R Y ------------

Command Line: -Xmx64m -Xms64m -Dorg.gradle.appname=gradlew org.gradle.wrapper.GradleWrapperMain signingReport

Host: 12th Gen Intel(R) Core(TM) i5-12450H, 12 cores, 7G,  Windows 11 , 64 bit Build 26100 (10.0.26100.3323)
Time: Sun Apr  6 13:52:38 2025 India Standard Time elapsed time: 0.159630 seconds (0d 0h 0m 0s)

---------------  T H R E A D  ---------------

Current thread (0x000001615535ada0):  JavaThread "C2 CompilerThread0" daemon [_thread_in_native, id=10232, stack(0x0000000f4aa00000,0x0000000f4ab00000)]


Current CompileTask:
C2:    159  384       4       java.lang.StringLatin1::toLowerCase (186 bytes)

Stack: [0x0000000f4aa00000,0x0000000f4ab00000]
Native frames: (J=compiled Java code, j=interpreted, Vv=VM code, C=native code)
V  [jvm.dll+0x6ee21a]
V  [jvm.dll+0x85765e]
V  [jvm.dll+0x85904e]
V  [jvm.dll+0x859703]
V  [jvm.dll+0x28298f]
V  [jvm.dll+0xc9adf]
V  [jvm.dll+0xc9e65]
V  [jvm.dll+0x3bca4c]
V  [jvm.dll+0x3860e1]
V  [jvm.dll+0x38555a]
V  [jvm.dll+0x24c3d9]
V  [jvm.dll+0x24b781]
V  [jvm.dll+0x1d6ce1]
V  [jvm.dll+0x25b25a]
V  [jvm.dll+0x2596e8]
V  [jvm.dll+0x807588]
V  [jvm.dll+0x80125a]
V  [jvm.dll+0x6ecf0b]
C  [ucrtbase.dll+0x37b0]
C  [KERNEL32.DLL+0x2e8d7]
C  [ntdll.dll+0xbbf6c]


---------------  P R O C E S S  ---------------

Threads class SMR info:
_java_thread_list=0x00000161598b7420, length=12, elements={
0x000001613b0bc900, 0x0000016155346620, 0x0000016155347150, 0x000001615534bcc0,
0x00000161553547a0, 0x00000161553570e0, 0x0000016155358720, 0x000001615535ada0,
0x000001615535fac0, 0x0000016155363570, 0x00000161598b4920, 0x00000161598bed90
}

Java Threads: ( => current thread )
  0x000001613b0bc900 JavaThread "main" [_thread_in_Java, id=22344, stack(0x0000000f49d00000,0x0000000f49e00000)]
  0x0000016155346620 JavaThread "Reference Handler" daemon [_thread_blocked, id=16220, stack(0x0000000f4a400000,0x0000000f4a500000)]
  0x0000016155347150 JavaThread "Finalizer" daemon [_thread_blocked, id=5128, stack(0x0000000f4a500000,0x0000000f4a600000)]
  0x000001615534bcc0 JavaThread "Signal Dispatcher" daemon [_thread_blocked, id=18760, stack(0x0000000f4a600000,0x0000000f4a700000)]
  0x00000161553547a0 JavaThread "Attach Listener" daemon [_thread_blocked, id=20716, stack(0x0000000f4a700000,0x0000000f4a800000)]
  0x00000161553570e0 JavaThread "Service Thread" daemon [_thread_blocked, id=22452, stack(0x0000000f4a800000,0x0000000f4a900000)]
  0x0000016155358720 JavaThread "Monitor Deflation Thread" daemon [_thread_blocked, id=2460, stack(0x0000000f4a900000,0x0000000f4aa00000)]
=>0x000001615535ada0 JavaThread "C2 CompilerThread0" daemon [_thread_in_native, id=10232, stack(0x0000000f4aa00000,0x0000000f4ab00000)]
  0x000001615535fac0 JavaThread "C1 CompilerThread0" daemon [_thread_blocked, id=28000, stack(0x0000000f4ab00000,0x0000000f4ac00000)]
  0x0000016155363570 JavaThread "Sweeper thread" daemon [_thread_blocked, id=26884, stack(0x0000000f4ac00000,0x0000000f4ad00000)]
  0x00000161598b4920 JavaThread "Notification Thread" daemon [_thread_blocked, id=21904, stack(0x0000000f4ad00000,0x0000000f4ae00000)]
  0x00000161598bed90 JavaThread "Common-Cleaner" daemon [_thread_blocked, id=14740, stack(0x0000000f4af00000,0x0000000f4b000000)]

Other Threads:
  0x0000016155330fb0 VMThread "VM Thread" [stack: 0x0000000f4a300000,0x0000000f4a400000] [id=27432]
  0x00000161598ba8c0 WatcherThread "VM Periodic Task Thread" [stack: 0x0000000f4ae00000,0x0000000f4af00000] [id=17532]
  0x000001613b0e2de0 WorkerThread "GC Thread#0" [stack: 0x0000000f49e00000,0x0000000f49f00000] [id=3172]
  0x000001613b0e4540 ConcurrentGCThread "G1 Main Marker" [stack: 0x0000000f49f00000,0x0000000f4a000000] [id=27908]
  0x000001613b0e5de0 WorkerThread "G1 Conc#0" [stack: 0x0000000f4a000000,0x0000000f4a100000] [id=27844]
  0x000001613b15d2b0 ConcurrentGCThread "G1 Refine#0" [stack: 0x0000000f4a100000,0x0000000f4a200000] [id=10484]
  0x000001613b15ddf0 ConcurrentGCThread "G1 Service" [stack: 0x0000000f4a200000,0x0000000f4a300000] [id=27220]

Threads with active compile tasks:
C2 CompilerThread0      177  384       4       java.lang.StringLatin1::toLowerCase (186 bytes)

VM state: not at safepoint (normal execution)

VM Mutex/Monitor currently owned by a thread: None

Heap address: 0x00000000fc000000, size: 64 MB, Compressed Oops mode: 32-bit

CDS archive(s) mapped at: [0x0000000800000000-0x0000000800c40000-0x0000000800c40000), size 12845056, SharedBaseAddress: 0x0000000800000000, ArchiveRelocationMode: 0.
Compressed class space mapped at: 0x0000000801000000-0x0000000841000000, reserved size: 1073741824
Narrow klass base: 0x0000000800000000, Narrow klass shift: 0, Narrow klass range: 0x100000000

GC Precious Log:
 CardTable entry size: 512
 Card Set container configuration: InlinePtr #cards 5 size 8 Array Of Cards #cards 12 size 40 Howl #buckets 4 coarsen threshold 1843 Howl Bitmap #cards 512 size 80 coarsen threshold 460 Card regions per heap region 1 cards per card region 2048
 CPUs: 12 total, 12 available
 Memory: 7812M
 Large Page Support: Disabled
 NUMA Support: Disabled
 Compressed Oops: Enabled (32-bit)
 Heap Region Size: 1M
 Heap Min Capacity: 64M
 Heap Initial Capacity: 64M
 Heap Max Capacity: 64M
 Pre-touch: Disabled
 Parallel Workers: 10
 Concurrent Workers: 3
 Concurrent Refinement Workers: 10
 Periodic GC: Disabled

Heap:
 garbage-first heap   total 65536K, used 8192K [0x00000000fc000000, 0x0000000100000000)
  region size 1024K, 9 young (9216K), 0 survivors (0K)
 Metaspace       used 1711K, committed 1920K, reserved 1114112K
  class space    used 155K, committed 256K, reserved 1048576K

Heap Regions: E=young(eden), S=young(survivor), O=old, HS=humongous(starts), HC=humongous(continues), CS=collection set, F=free, OA=open archive, CA=closed archive, TAMS=top-at-mark-start (previous, next)
|   0|0x00000000fc000000, 0x00000000fc000000, 0x00000000fc100000|  0%| F|  |TAMS 0x00000000fc000000, 0x00000000fc000000| Untracked 
|   1|0x00000000fc100000, 0x00000000fc100000, 0x00000000fc200000|  0%| F|  |TAMS 0x00000000fc100000, 0x00000000fc100000| Untracked 
|   2|0x00000000fc200000, 0x00000000fc200000, 0x00000000fc300000|  0%| F|  |TAMS 0x00000000fc200000, 0x00000000fc200000| Untracked 
|   3|0x00000000fc300000, 0x00000000fc300000, 0x00000000fc400000|  0%| F|  |TAMS 0x00000000fc300000, 0x00000000fc300000| Untracked 
|   4|0x00000000fc400000, 0x00000000fc400000, 0x00000000fc500000|  0%| F|  |TAMS 0x00000000fc400000, 0x00000000fc400000| Untracked 
|   5|0x00000000fc500000, 0x00000000fc500000, 0x00000000fc600000|  0%| F|  |TAMS 0x00000000fc500000, 0x00000000fc500000| Untracked 
|   6|0x00000000fc600000, 0x00000000fc600000, 0x00000000fc700000|  0%| F|  |TAMS 0x00000000fc600000, 0x00000000fc600000| Untracked 
|   7|0x00000000fc700000, 0x00000000fc700000, 0x00000000fc800000|  0%| F|  |TAMS 0x00000000fc700000, 0x00000000fc700000| Untracked 
|   8|0x00000000fc800000, 0x00000000fc800000, 0x00000000fc900000|  0%| F|  |TAMS 0x00000000fc800000, 0x00000000fc800000| Untracked 
|   9|0x00000000fc900000, 0x00000000fc900000, 0x00000000fca00000|  0%| F|  |TAMS 0x00000000fc900000, 0x00000000fc900000| Untracked 
|  10|0x00000000fca00000, 0x00000000fca00000, 0x00000000fcb00000|  0%| F|  |TAMS 0x00000000fca00000, 0x00000000fca00000| Untracked 
|  11|0x00000000fcb00000, 0x00000000fcb00000, 0x00000000fcc00000|  0%| F|  |TAMS 0x00000000fcb00000, 0x00000000fcb00000| Untracked 
|  12|0x00000000fcc00000, 0x00000000fcc00000, 0x00000000fcd00000|  0%| F|  |TAMS 0x00000000fcc00000, 0x00000000fcc00000| Untracked 
|  13|0x00000000fcd00000, 0x00000000fcd00000, 0x00000000fce00000|  0%| F|  |TAMS 0x00000000fcd00000, 0x00000000fcd00000| Untracked 
|  14|0x00000000fce00000, 0x00000000fce00000, 0x00000000fcf00000|  0%| F|  |TAMS 0x00000000fce00000, 0x00000000fce00000| Untracked 
|  15|0x00000000fcf00000, 0x00000000fcf00000, 0x00000000fd000000|  0%| F|  |TAMS 0x00000000fcf00000, 0x00000000fcf00000| Untracked 
|  16|0x00000000fd000000, 0x00000000fd000000, 0x00000000fd100000|  0%| F|  |TAMS 0x00000000fd000000, 0x00000000fd000000| Untracked 
|  17|0x00000000fd100000, 0x00000000fd100000, 0x00000000fd200000|  0%| F|  |TAMS 0x00000000fd100000, 0x00000000fd100000| Untracked 
|  18|0x00000000fd200000, 0x00000000fd200000, 0x00000000fd300000|  0%| F|  |TAMS 0x00000000fd200000, 0x00000000fd200000| Untracked 
|  19|0x00000000fd300000, 0x00000000fd300000, 0x00000000fd400000|  0%| F|  |TAMS 0x00000000fd300000, 0x00000000fd300000| Untracked 
|  20|0x00000000fd400000, 0x00000000fd400000, 0x00000000fd500000|  0%| F|  |TAMS 0x00000000fd400000, 0x00000000fd400000| Untracked 
|  21|0x00000000fd500000, 0x00000000fd500000, 0x00000000fd600000|  0%| F|  |TAMS 0x00000000fd500000, 0x00000000fd500000| Untracked 
|  22|0x00000000fd600000, 0x00000000fd600000, 0x00000000fd700000|  0%| F|  |TAMS 0x00000000fd600000, 0x00000000fd600000| Untracked 
|  23|0x00000000fd700000, 0x00000000fd700000, 0x00000000fd800000|  0%| F|  |TAMS 0x00000000fd700000, 0x00000000fd700000| Untracked 
|  24|0x00000000fd800000, 0x00000000fd800000, 0x00000000fd900000|  0%| F|  |TAMS 0x00000000fd800000, 0x00000000fd800000| Untracked 
|  25|0x00000000fd900000, 0x00000000fd900000, 0x00000000fda00000|  0%| F|  |TAMS 0x00000000fd900000, 0x00000000fd900000| Untracked 
|  26|0x00000000fda00000, 0x00000000fda00000, 0x00000000fdb00000|  0%| F|  |TAMS 0x00000000fda00000, 0x00000000fda00000| Untracked 
|  27|0x00000000fdb00000, 0x00000000fdb00000, 0x00000000fdc00000|  0%| F|  |TAMS 0x00000000fdb00000, 0x00000000fdb00000| Untracked 
|  28|0x00000000fdc00000, 0x00000000fdc00000, 0x00000000fdd00000|  0%| F|  |TAMS 0x00000000fdc00000, 0x00000000fdc00000| Untracked 
|  29|0x00000000fdd00000, 0x00000000fdd00000, 0x00000000fde00000|  0%| F|  |TAMS 0x00000000fdd00000, 0x00000000fdd00000| Untracked 
|  30|0x00000000fde00000, 0x00000000fde00000, 0x00000000fdf00000|  0%| F|  |TAMS 0x00000000fde00000, 0x00000000fde00000| Untracked 
|  31|0x00000000fdf00000, 0x00000000fdf00000, 0x00000000fe000000|  0%| F|  |TAMS 0x00000000fdf00000, 0x00000000fdf00000| Untracked 
|  32|0x00000000fe000000, 0x00000000fe000000, 0x00000000fe100000|  0%| F|  |TAMS 0x00000000fe000000, 0x00000000fe000000| Untracked 
|  33|0x00000000fe100000, 0x00000000fe100000, 0x00000000fe200000|  0%| F|  |TAMS 0x00000000fe100000, 0x00000000fe100000| Untracked 
|  34|0x00000000fe200000, 0x00000000fe200000, 0x00000000fe300000|  0%| F|  |TAMS 0x00000000fe200000, 0x00000000fe200000| Untracked 
|  35|0x00000000fe300000, 0x00000000fe300000, 0x00000000fe400000|  0%| F|  |TAMS 0x00000000fe300000, 0x00000000fe300000| Untracked 
|  36|0x00000000fe400000, 0x00000000fe400000, 0x00000000fe500000|  0%| F|  |TAMS 0x00000000fe400000, 0x00000000fe400000| Untracked 
|  37|0x00000000fe500000, 0x00000000fe500000, 0x00000000fe600000|  0%| F|  |TAMS 0x00000000fe500000, 0x00000000fe500000| Untracked 
|  38|0x00000000fe600000, 0x00000000fe600000, 0x00000000fe700000|  0%| F|  |TAMS 0x00000000fe600000, 0x00000000fe600000| Untracked 
|  39|0x00000000fe700000, 0x00000000fe700000, 0x00000000fe800000|  0%| F|  |TAMS 0x00000000fe700000, 0x00000000fe700000| Untracked 
|  40|0x00000000fe800000, 0x00000000fe800000, 0x00000000fe900000|  0%| F|  |TAMS 0x00000000fe800000, 0x00000000fe800000| Untracked 
|  41|0x00000000fe900000, 0x00000000fe900000, 0x00000000fea00000|  0%| F|  |TAMS 0x00000000fe900000, 0x00000000fe900000| Untracked 
|  42|0x00000000fea00000, 0x00000000fea00000, 0x00000000feb00000|  0%| F|  |TAMS 0x00000000fea00000, 0x00000000fea00000| Untracked 
|  43|0x00000000feb00000, 0x00000000feb00000, 0x00000000fec00000|  0%| F|  |TAMS 0x00000000feb00000, 0x00000000feb00000| Untracked 
|  44|0x00000000fec00000, 0x00000000fec00000, 0x00000000fed00000|  0%| F|  |TAMS 0x00000000fec00000, 0x00000000fec00000| Untracked 
|  45|0x00000000fed00000, 0x00000000fed00000, 0x00000000fee00000|  0%| F|  |TAMS 0x00000000fed00000, 0x00000000fed00000| Untracked 
|  46|0x00000000fee00000, 0x00000000fee00000, 0x00000000fef00000|  0%| F|  |TAMS 0x00000000fee00000, 0x00000000fee00000| Untracked 
|  47|0x00000000fef00000, 0x00000000fef00000, 0x00000000ff000000|  0%| F|  |TAMS 0x00000000fef00000, 0x00000000fef00000| Untracked 
|  48|0x00000000ff000000, 0x00000000ff000000, 0x00000000ff100000|  0%| F|  |TAMS 0x00000000ff000000, 0x00000000ff000000| Untracked 
|  49|0x00000000ff100000, 0x00000000ff100000, 0x00000000ff200000|  0%| F|  |TAMS 0x00000000ff100000, 0x00000000ff100000| Untracked 
|  50|0x00000000ff200000, 0x00000000ff200000, 0x00000000ff300000|  0%| F|  |TAMS 0x00000000ff200000, 0x00000000ff200000| Untracked 
|  51|0x00000000ff300000, 0x00000000ff300000, 0x00000000ff400000|  0%| F|  |TAMS 0x00000000ff300000, 0x00000000ff300000| Untracked 
|  52|0x00000000ff400000, 0x00000000ff400000, 0x00000000ff500000|  0%| F|  |TAMS 0x00000000ff400000, 0x00000000ff400000| Untracked 
|  53|0x00000000ff500000, 0x00000000ff500000, 0x00000000ff600000|  0%| F|  |TAMS 0x00000000ff500000, 0x00000000ff500000| Untracked 
|  54|0x00000000ff600000, 0x00000000ff600000, 0x00000000ff700000|  0%| F|  |TAMS 0x00000000ff600000, 0x00000000ff600000| Untracked 
|  55|0x00000000ff700000, 0x00000000ff7f3ef8, 0x00000000ff800000| 95%| E|  |TAMS 0x00000000ff700000, 0x00000000ff700000| Complete 
|  56|0x00000000ff800000, 0x00000000ff900000, 0x00000000ff900000|100%| E|CS|TAMS 0x00000000ff800000, 0x00000000ff800000| Complete 
|  57|0x00000000ff900000, 0x00000000ffa00000, 0x00000000ffa00000|100%| E|CS|TAMS 0x00000000ff900000, 0x00000000ff900000| Complete 
|  58|0x00000000ffa00000, 0x00000000ffb00000, 0x00000000ffb00000|100%| E|CS|TAMS 0x00000000ffa00000, 0x00000000ffa00000| Complete 
|  59|0x00000000ffb00000, 0x00000000ffc00000, 0x00000000ffc00000|100%| E|CS|TAMS 0x00000000ffb00000, 0x00000000ffb00000| Complete 
|  60|0x00000000ffc00000, 0x00000000ffd00000, 0x00000000ffd00000|100%| E|CS|TAMS 0x00000000ffc00000, 0x00000000ffc00000| Complete 
|  61|0x00000000ffd00000, 0x00000000ffe00000, 0x00000000ffe00000|100%| E|CS|TAMS 0x00000000ffd00000, 0x00000000ffd00000| Complete 
|  62|0x00000000ffe00000, 0x00000000fff00000, 0x00000000fff00000|100%| E|CS|TAMS 0x00000000ffe00000, 0x00000000ffe00000| Complete 
|  63|0x00000000fff00000, 0x0000000100000000, 0x0000000100000000|100%| E|CS|TAMS 0x00000000fff00000, 0x00000000fff00000| Complete 

Card table byte_map: [0x0000016139050000,0x0000016139070000] _byte_map_base: 0x0000016138870000

Marking Bits (Prev, Next): (CMBitMap*) 0x000001613b0e3410, (CMBitMap*) 0x000001613b0e3450
 Prev Bits: [0x0000016152570000, 0x0000016152670000)
 Next Bits: [0x0000016152670000, 0x0000016152770000)

Polling page: 0x0000016138ff0000

Metaspace:

Usage:
  Non-class:      1.52 MB used.
      Class:    155.68 KB used.
       Both:      1.67 MB used.

Virtual space:
  Non-class space:       64.00 MB reserved,       1.62 MB (  3%) committed,  1 nodes.
      Class space:        1.00 GB reserved,     256.00 KB ( <1%) committed,  1 nodes.
             Both:        1.06 GB reserved,       1.88 MB ( <1%) committed. 

Chunk freelists:
   Non-Class:  3.67 MB
       Class:  3.69 MB
        Both:  7.36 MB

MaxMetaspaceSize: unlimited
CompressedClassSpaceSize: 1.00 GB
Initial GC threshold: 21.00 MB
Current GC threshold: 21.00 MB
CDS: on
MetaspaceReclaimPolicy: balanced
 - commit_granule_bytes: 65536.
 - commit_granule_words: 8192.
 - virtual_space_node_default_size: 8388608.
 - enlarge_chunks_in_place: 1.
 - new_chunks_are_fully_committed: 0.
 - uncommit_free_chunks: 1.
 - use_allocation_guard: 0.


Internal statistics:

num_allocs_failed_limit: 0.
num_arena_births: 24.
num_arena_deaths: 0.
num_vsnodes_births: 2.
num_vsnodes_deaths: 0.
num_space_committed: 30.
num_space_uncommitted: 0.
num_chunks_returned_to_freelist: 0.
num_chunks_taken_from_freelist: 53.
num_chunk_merges: 0.
num_chunk_splits: 29.
num_chunks_enlarged: 22.
num_inconsistent_stats: 0.

CodeHeap 'non-profiled nmethods': size=120000Kb used=115Kb max_used=115Kb free=119884Kb
 bounds [0x000001614aaf0000, 0x000001614ad60000, 0x0000016152020000]
CodeHeap 'profiled nmethods': size=120000Kb used=674Kb max_used=674Kb free=119325Kb
 bounds [0x0000016143020000, 0x0000016143290000, 0x000001614a550000]
CodeHeap 'non-nmethods': size=5760Kb used=1211Kb max_used=1227Kb free=4548Kb
 bounds [0x000001614a550000, 0x000001614a7c0000, 0x000001614aaf0000]
 total_blobs=825 nmethods=412 adapters=324
 compilation: enabled
              stopped_count=0, restarted_count=0
 full_count=0

Compilation events (20 events):
Event: 0.147 Thread 0x000001615535ada0  375 %     4       java.lang.StringLatin1::toLowerCase @ 117 (186 bytes)
Event: 0.149 Thread 0x000001615535fac0  377       3       java.util.ArrayList$Itr::next (66 bytes)
Event: 0.149 Thread 0x000001615535fac0 nmethod 377 0x00000161430ab290 code [0x00000161430ab480, 0x00000161430ab848]
Event: 0.149 Thread 0x000001615535fac0  380       3       java.util.regex.Pattern$CharProperty::<init> (10 bytes)
Event: 0.149 Thread 0x000001615535fac0 nmethod 380 0x00000161430aba10 code [0x00000161430abbc0, 0x00000161430abe58]
Event: 0.149 Thread 0x000001615535fac0  379       3       java.util.LinkedHashMap::newNode (23 bytes)
Event: 0.150 Thread 0x000001615535fac0 nmethod 379 0x00000161430abf10 code [0x00000161430ac0e0, 0x00000161430ac4c8]
Event: 0.150 Thread 0x000001615535fac0  378       3       java.util.ArrayList$Itr::checkForComodification (23 bytes)
Event: 0.150 Thread 0x000001615535fac0 nmethod 378 0x00000161430ac690 code [0x00000161430ac840, 0x00000161430aca08]
Event: 0.151 Thread 0x000001615535fac0  381       3       java.io.File::getName (42 bytes)
Event: 0.151 Thread 0x000001615535ada0 nmethod 375% 0x000001614ab0af90 code [0x000001614ab0b140, 0x000001614ab0b6f8]
Event: 0.151 Thread 0x000001615535ada0  376       4       java.util.zip.ZipCoder$UTF8ZipCoder::checkedHash (91 bytes)
Event: 0.151 Thread 0x000001615535fac0 nmethod 381 0x00000161430acb10 code [0x00000161430acd60, 0x00000161430ad598]
Event: 0.152 Thread 0x000001615535fac0  382       3       java.util.LinkedHashMap::get (29 bytes)
Event: 0.152 Thread 0x000001615535fac0 nmethod 382 0x00000161430ad910 code [0x00000161430adae0, 0x00000161430add38]
Event: 0.152 Thread 0x000001615535fac0  383       3       java.io.WinNTFileSystem::isLetter (30 bytes)
Event: 0.152 Thread 0x000001615535fac0 nmethod 383 0x00000161430ade10 code [0x00000161430adfc0, 0x00000161430ae1d8]
Event: 0.153 Thread 0x000001615535ada0 nmethod 376 0x000001614ab0b990 code [0x000001614ab0bb20, 0x000001614ab0bdb8]
Event: 0.153 Thread 0x000001615535ada0  384       4       java.lang.StringLatin1::toLowerCase (186 bytes)
Event: 0.154 Thread 0x000001615535fac0  386       3       java.util.regex.Pattern::escape (1327 bytes)

GC Heap History (0 events):
No events

Dll operation events (5 events):
Event: 0.008 Loaded shared library C:\Program Files\Java\jdk-19\bin\java.dll
Event: 0.016 Loaded shared library C:\Program Files\Java\jdk-19\bin\jsvml.dll
Event: 0.038 Loaded shared library C:\Program Files\Java\jdk-19\bin\net.dll
Event: 0.040 Loaded shared library C:\Program Files\Java\jdk-19\bin\nio.dll
Event: 0.042 Loaded shared library C:\Program Files\Java\jdk-19\bin\zip.dll

Deoptimization events (20 events):
Event: 0.128 Thread 0x000001613b0bc900 DEOPT PACKING pc=0x00000161430482fe sp=0x0000000f49dfeb20
Event: 0.128 Thread 0x000001613b0bc900 DEOPT UNPACKING pc=0x000001614a5b7543 sp=0x0000000f49dfdf90 mode 0
Event: 0.137 Thread 0x000001613b0bc900 DEOPT PACKING pc=0x000001614307ddbe sp=0x0000000f49dfe8b0
Event: 0.137 Thread 0x000001613b0bc900 DEOPT UNPACKING pc=0x000001614a5b7543 sp=0x0000000f49dfdd28 mode 0
Event: 0.137 Thread 0x000001613b0bc900 DEOPT PACKING pc=0x000001614307ddbe sp=0x0000000f49dfe8b0
Event: 0.137 Thread 0x000001613b0bc900 DEOPT UNPACKING pc=0x000001614a5b7543 sp=0x0000000f49dfdd28 mode 0
Event: 0.137 Thread 0x000001613b0bc900 DEOPT PACKING pc=0x000001614307ddbe sp=0x0000000f49dfe8b0
Event: 0.137 Thread 0x000001613b0bc900 DEOPT UNPACKING pc=0x000001614a5b7543 sp=0x0000000f49dfdd28 mode 0
Event: 0.149 Thread 0x000001613b0bc900 DEOPT PACKING pc=0x000001614306cb0c sp=0x0000000f49dfe690
Event: 0.149 Thread 0x000001613b0bc900 DEOPT UNPACKING pc=0x000001614a5b7543 sp=0x0000000f49dfdb20 mode 0
Event: 0.152 Thread 0x000001613b0bc900 DEOPT PACKING pc=0x0000016143075012 sp=0x0000000f49dfe9b0
Event: 0.152 Thread 0x000001613b0bc900 DEOPT UNPACKING pc=0x000001614a5b7543 sp=0x0000000f49dfde70 mode 0
Event: 0.153 Thread 0x000001613b0bc900 DEOPT PACKING pc=0x0000016143075012 sp=0x0000000f49dfe930
Event: 0.153 Thread 0x000001613b0bc900 DEOPT UNPACKING pc=0x000001614a5b7543 sp=0x0000000f49dfddf0 mode 0
Event: 0.153 Thread 0x000001613b0bc900 DEOPT PACKING pc=0x0000016143075012 sp=0x0000000f49dfe850
Event: 0.153 Thread 0x000001613b0bc900 DEOPT UNPACKING pc=0x000001614a5b7543 sp=0x0000000f49dfdd10 mode 0
Event: 0.156 Thread 0x000001613b0bc900 DEOPT PACKING pc=0x0000016143075012 sp=0x0000000f49dfe850
Event: 0.156 Thread 0x000001613b0bc900 DEOPT UNPACKING pc=0x000001614a5b7543 sp=0x0000000f49dfdd10 mode 0
Event: 0.156 Thread 0x000001613b0bc900 DEOPT PACKING pc=0x0000016143075012 sp=0x0000000f49dfe850
Event: 0.156 Thread 0x000001613b0bc900 DEOPT UNPACKING pc=0x000001614a5b7543 sp=0x0000000f49dfdd10 mode 0

Classes loaded (20 events):
Event: 0.091 Loading class jdk/internal/access/JavaIOFilePermissionAccess done
Event: 0.091 Loading class java/io/FilePermission$1 done
Event: 0.091 Loading class java/io/FilePermissionCollection
Event: 0.091 Loading class java/io/FilePermissionCollection done
Event: 0.091 Loading class java/util/Vector
Event: 0.091 Loading class java/util/Vector done
Event: 0.091 Loading class java/io/FilePermissionCollection$1
Event: 0.091 Loading class java/io/FilePermissionCollection$1 done
Event: 0.102 Loading class java/net/MalformedURLException
Event: 0.102 Loading class java/net/MalformedURLException done
Event: 0.103 Loading class java/io/FileFilter
Event: 0.103 Loading class java/io/FileFilter done
Event: 0.116 Loading class java/lang/IndexOutOfBoundsException
Event: 0.116 Loading class java/lang/IndexOutOfBoundsException done
Event: 0.118 Loading class java/util/AbstractList$Itr
Event: 0.118 Loading class java/util/AbstractList$Itr done
Event: 0.119 Loading class java/util/zip/ZipException
Event: 0.119 Loading class java/util/zip/ZipException done
Event: 0.129 Loading class java/lang/invoke/DirectMethodHandle$Special
Event: 0.129 Loading class java/lang/invoke/DirectMethodHandle$Special done

Classes unloaded (0 events):
No events

Classes redefined (0 events):
No events

Internal exceptions (3 events):
Event: 0.091 Thread 0x000001613b0bc900 Exception <a 'java/lang/NoSuchMethodError'{0x00000000ffc355d8}: 'void java.lang.invoke.DirectMethodHandle$Holder.invokeStatic(java.lang.Object, java.lang.Object)'> (0x00000000ffc355d8) 
thrown [s\open\src\hotspot\share\interpreter\linkResolver.cpp, line 774]
Event: 0.092 Thread 0x000001613b0bc900 Exception <a 'java/lang/NoSuchMethodError'{0x00000000ffc39410}: 'void java.lang.invoke.DirectMethodHandle$Holder.invokeSpecial(java.lang.Object, java.lang.Object, java.lang.Object)'> (0x00000000ffc39410) 
thrown [s\open\src\hotspot\share\interpreter\linkResolver.cpp, line 774]
Event: 0.099 Thread 0x000001613b0bc900 Exception <a 'java/lang/NoSuchMethodError'{0x00000000ffb06710}: 'int java.lang.invoke.DirectMethodHandle$Holder.invokeStaticInit(java.lang.Object, java.lang.Object)'> (0x00000000ffb06710) 
thrown [s\open\src\hotspot\share\interpreter\linkResolver.cpp, line 774]

VM Operations (2 events):
Event: 0.043 Executing VM operation: HandshakeAllThreads
Event: 0.043 Executing VM operation: HandshakeAllThreads done

Events (12 events):
Event: 0.016 Thread 0x000001613b0bc900 Thread added: 0x000001613b0bc900
Event: 0.024 Thread 0x0000016155346620 Thread added: 0x0000016155346620
Event: 0.024 Thread 0x0000016155347150 Thread added: 0x0000016155347150
Event: 0.024 Thread 0x000001615534bcc0 Thread added: 0x000001615534bcc0
Event: 0.024 Thread 0x00000161553547a0 Thread added: 0x00000161553547a0
Event: 0.024 Thread 0x00000161553570e0 Thread added: 0x00000161553570e0
Event: 0.024 Thread 0x0000016155358720 Thread added: 0x0000016155358720
Event: 0.024 Thread 0x000001615535ada0 Thread added: 0x000001615535ada0
Event: 0.024 Thread 0x000001615535fac0 Thread added: 0x000001615535fac0
Event: 0.024 Thread 0x0000016155363570 Thread added: 0x0000016155363570
Event: 0.033 Thread 0x00000161598b4920 Thread added: 0x00000161598b4920
Event: 0.035 Thread 0x00000161598bed90 Thread added: 0x00000161598bed90


Dynamic libraries:
0x00007ff6b4680000 - 0x00007ff6b4690000 	C:\Program Files\Java\jdk-19\bin\java.exe
0x00007ffa233c0000 - 0x00007ffa23623000 	C:\WINDOWS\SYSTEM32\ntdll.dll
0x00007ffa21270000 - 0x00007ffa21337000 	C:\WINDOWS\System32\KERNEL32.DLL
0x00007ffa20900000 - 0x00007ffa20cc9000 	C:\WINDOWS\System32\KERNELBASE.dll
0x00007ffa20ef0000 - 0x00007ffa2103c000 	C:\WINDOWS\System32\ucrtbase.dll
0x00007ff9d0930000 - 0x00007ff9d0948000 	C:\Program Files\Java\jdk-19\bin\jli.dll
0x00007ff9d08e0000 - 0x00007ff9d08fb000 	C:\Program Files\Java\jdk-19\bin\VCRUNTIME140.dll
0x00007ffa21ce0000 - 0x00007ffa21d92000 	C:\WINDOWS\System32\ADVAPI32.dll
0x00007ffa230d0000 - 0x00007ffa23179000 	C:\WINDOWS\System32\msvcrt.dll
0x00007ffa21420000 - 0x00007ffa214c6000 	C:\WINDOWS\System32\sechost.dll
0x00007ffa21b60000 - 0x00007ffa21c76000 	C:\WINDOWS\System32\RPCRT4.dll
0x00007ffa23180000 - 0x00007ffa2334a000 	C:\WINDOWS\System32\USER32.dll
0x00007ffa210f0000 - 0x00007ffa21117000 	C:\WINDOWS\System32\win32u.dll
0x00007ffa230a0000 - 0x00007ffa230ca000 	C:\WINDOWS\System32\GDI32.dll
0x00007ffa205c0000 - 0x00007ffa206f1000 	C:\WINDOWS\System32\gdi32full.dll
0x00007ffa21040000 - 0x00007ffa210e3000 	C:\WINDOWS\System32\msvcp_win.dll
0x00007ffa171d0000 - 0x00007ffa171db000 	C:\WINDOWS\SYSTEM32\VERSION.dll
0x00007ffa07ea0000 - 0x00007ffa08130000 	C:\WINDOWS\WinSxS\amd64_microsoft.windows.common-controls_6595b64144ccf1df_6.0.26100.3323_none_3e088096e3344490\COMCTL32.dll
0x00007ffa21f00000 - 0x00007ffa21f2f000 	C:\WINDOWS\System32\IMM32.DLL
0x00007ffa0b000000 - 0x00007ffa0b00c000 	C:\Program Files\Java\jdk-19\bin\vcruntime140_1.dll
0x00007ff9af0e0000 - 0x00007ff9af16e000 	C:\Program Files\Java\jdk-19\bin\msvcp140.dll
0x00007ff975bb0000 - 0x00007ff976870000 	C:\Program Files\Java\jdk-19\bin\server\jvm.dll
0x00007ffa17190000 - 0x00007ffa171c6000 	C:\WINDOWS\SYSTEM32\WINMM.dll
0x00007ffa16c80000 - 0x00007ffa16c8a000 	C:\WINDOWS\SYSTEM32\WSOCK32.dll
0x00007ffa211f0000 - 0x00007ffa21264000 	C:\WINDOWS\System32\WS2_32.dll
0x00007ffa1f4f0000 - 0x00007ffa1f50a000 	C:\WINDOWS\SYSTEM32\kernel.appcore.dll
0x00007ff9f82d0000 - 0x00007ff9f82da000 	C:\Program Files\Java\jdk-19\bin\jimage.dll
0x00007ffa1db40000 - 0x00007ffa1dd81000 	C:\WINDOWS\SYSTEM32\DBGHELP.DLL
0x00007ffa22c00000 - 0x00007ffa22f82000 	C:\WINDOWS\System32\combase.dll
0x00007ffa21340000 - 0x00007ffa21416000 	C:\WINDOWS\System32\OLEAUT32.dll
0x00007ff9f8c50000 - 0x00007ff9f8c89000 	C:\WINDOWS\SYSTEM32\dbgcore.DLL
0x00007ffa20e50000 - 0x00007ffa20ee9000 	C:\WINDOWS\System32\bcryptPrimitives.dll
0x00007ff9c4f40000 - 0x00007ff9c4f66000 	C:\Program Files\Java\jdk-19\bin\java.dll
0x00007ff9af000000 - 0x00007ff9af0d7000 	C:\Program Files\Java\jdk-19\bin\jsvml.dll
0x00007ffa21f40000 - 0x00007ffa22655000 	C:\WINDOWS\System32\SHELL32.dll
0x00007ffa20790000 - 0x00007ffa208f8000 	C:\WINDOWS\System32\wintypes.dll
0x00007ffa1e2c0000 - 0x00007ffa1eb05000 	C:\WINDOWS\SYSTEM32\windows.storage.dll
0x00007ffa21530000 - 0x00007ffa2161b000 	C:\WINDOWS\System32\SHCORE.dll
0x00007ffa21c80000 - 0x00007ffa21cdd000 	C:\WINDOWS\System32\shlwapi.dll
0x00007ffa204d0000 - 0x00007ffa204ff000 	C:\WINDOWS\SYSTEM32\profapi.dll
0x00007ff9ce1b0000 - 0x00007ff9ce1c3000 	C:\Program Files\Java\jdk-19\bin\net.dll
0x00007ffa1a190000 - 0x00007ffa1a2ae000 	C:\WINDOWS\SYSTEM32\WINHTTP.dll
0x00007ffa1fa10000 - 0x00007ffa1fa7a000 	C:\WINDOWS\system32\mswsock.dll
0x00007ff9ce0d0000 - 0x00007ff9ce0e6000 	C:\Program Files\Java\jdk-19\bin\nio.dll
0x00007ff9cce40000 - 0x00007ff9cce58000 	C:\Program Files\Java\jdk-19\bin\zip.dll

dbghelp: loaded successfully - version: 4.0.5 - missing functions: none
symbol engine: initialized successfully - sym options: 0x614 - pdb path: .;C:\Program Files\Java\jdk-19\bin;C:\WINDOWS\SYSTEM32;C:\WINDOWS\WinSxS\amd64_microsoft.windows.common-controls_6595b64144ccf1df_6.0.26100.3323_none_3e088096e3344490;C:\Program Files\Java\jdk-19\bin\server

VM Arguments:
jvm_args: -Xmx64m -Xms64m -Dorg.gradle.appname=gradlew 
java_command: org.gradle.wrapper.GradleWrapperMain signingReport
java_class_path (initial): C:\Users\pjadh\OneDrive\Desktop\FarmerMP\\gradle\wrapper\gradle-wrapper.jar
Launcher Type: SUN_STANDARD

[Global flags]
     intx CICompilerCount                          = 4                                         {product} {ergonomic}
     uint ConcGCThreads                            = 3                                         {product} {ergonomic}
     uint G1ConcRefinementThreads                  = 10                                        {product} {ergonomic}
   size_t G1HeapRegionSize                         = 1048576                                   {product} {ergonomic}
    uintx GCDrainStackTargetSize                   = 64                                        {product} {ergonomic}
   size_t InitialHeapSize                          = 67108864                                  {product} {command line}
   size_t MarkStackSize                            = 4194304                                   {product} {ergonomic}
   size_t MaxHeapSize                              = 67108864                                  {product} {command line}
   size_t MaxNewSize                               = 39845888                                  {product} {ergonomic}
   size_t MinHeapDeltaBytes                        = 1048576                                   {product} {ergonomic}
   size_t MinHeapSize                              = 67108864                                  {product} {command line}
    uintx NonNMethodCodeHeapSize                   = 5839372                                {pd product} {ergonomic}
    uintx NonProfiledCodeHeapSize                  = 122909434                              {pd product} {ergonomic}
    uintx ProfiledCodeHeapSize                     = 122909434                              {pd product} {ergonomic}
    uintx ReservedCodeCacheSize                    = 251658240                              {pd product} {ergonomic}
     bool SegmentedCodeCache                       = true                                      {product} {ergonomic}
   size_t SoftMaxHeapSize                          = 67108864                               {manageable} {ergonomic}
     bool UseCompressedClassPointers               = true                           {product lp64_product} {ergonomic}
     bool UseCompressedOops                        = true                           {product lp64_product} {ergonomic}
     bool UseG1GC                                  = true                                      {product} {ergonomic}
     bool UseLargePagesIndividualAllocation        = false                                  {pd product} {ergonomic}

Logging:
Log output configuration:
 #0: stdout all=warning uptime,level,tags foldmultilines=false
 #1: stderr all=off uptime,level,tags foldmultilines=false

Environment Variables:
JAVA_HOME=C:\Program Files\Java\jdk-19
CLASSPATH=C:\Users\pjadh\OneDrive\Desktop\FarmerMP\\gradle\wrapper\gradle-wrapper.jar
PATH=C:\Program Files\Java\jdk-19\bin;C:\Program Files\Java\jdk-17\bin;C:\flutter\bin;C:\Program Files\Java\jdk-22\bin;C:\Program Files\Common Files\Oracle\Java\javapath;C:\Program Files (x86)\Common Files\Oracle\Java\java8path;C:\Program Files (x86)\Common Files\Oracle\Java\javapath;C:\Windows\system32;C:\Windows;C:\Windows\System32\Wbem;C:\Windows\System32\WindowsPowerShell\v1.0\;C:\Windows\System32\OpenSSH\;C:\Program Files (x86)\NVIDIA Corporation\PhysX\Common;C:\Program Files\NVIDIA Corporation\NVIDIA NvDLISR;C:\WINDOWS\system32;C:\WINDOWS;C:\WINDOWS\System32\Wbem;C:\WINDOWS\System32\WindowsPowerShell\v1.0\;C:\WINDOWS\System32\OpenSSH\;C:\MinGW\bin;C:\Program Files\dotnet\;C:\Program Files\nodejs\;C:\Users\pjadh\AppData\Local\Android\Sdk\platform-tools;C:\Program Files\Git\cmd;C:\Program Files\Java\jdk-22;C:\Users\YourUsername\AppData\Local\Android\Sdk\cmdline-tools\latest\bin;C:\Program Files\Java\jdk-21\bin;C:\Users\pjadh\AppData\Local\Android\Sdk\cmdline-tools\latest\bin;C:\Gradle\gradle-8.13\bin;C:\Users\pjadh\anaconda3;C:\Users\pjadh\anaconda3\Library\mingw-w64\bin;C:\Users\pjadh\anaconda3\Library\usr\bin;C:\Users\pjadh\anaconda3\Library\bin;C:\Users\pjadh\anaconda3\Scripts;C:\Users\pjadh\AppData\Local\Programs\Python\Python314\Scripts\;C:\Users\pjadh\AppData\Local\Programs\Python\Python314\;C:\Users\pjadh\AppData\Local\Programs\Python\Python313\Scripts\;C:\Users\pjadh\AppData\Local\Programs\Python\Python313\;C:\Users\pjadh\AppData\Local\Programs\Python\Python311\Scripts\;C:\Users\pjadh\AppData\Local\Programs\Python\Python311\;C:\Users\pjadh\AppData\Local\Microsoft\WindowsApps;C:\Users\pjadh\AppData\Local\Programs\Microsoft VS Code\bin;C:\Users\pjadh\AppData\Roaming\npm;C:\flutter\bin;C:\Users\pjadh\AppData\Local\Android\Sdk\cmdline-tools\latest\bin;C:\Gradle\gradle-8.13\bin;C:\Program Files\Java\jdk-19\bin;
USERNAME=pjadh
OS=Windows_NT
PROCESSOR_IDENTIFIER=Intel64 Family 6 Model 154 Stepping 3, GenuineIntel
TMP=C:\Users\pjadh\AppData\Local\Temp
TEMP=C:\Users\pjadh\AppData\Local\Temp



---------------  S Y S T E M  ---------------

OS:
 Windows 11 , 64 bit Build 26100 (10.0.26100.3323)
OS uptime: 4 days 15:10 hours
Hyper-V role detected

CPU: total 12 (initial active 12) (6 cores per cpu, 2 threads per core) family 6 model 154 stepping 3 microcode 0x429, cx8, cmov, fxsr, ht, mmx, 3dnowpref, sse, sse2, sse3, ssse3, sse4.1, sse4.2, popcnt, lzcnt, tsc, tscinvbit, avx, avx2, aes, erms, clmul, bmi1, bmi2, adx, sha, fma, vzeroupper, clflush, clflushopt, clwb, hv, serialize, rdtscp, rdpid, fsrm

Memory: 4k page, system-wide physical 7812M (577M free)
TotalPageFile size 22714M (AvailPageFile size 0M)
current process WorkingSet (physical memory assigned to process): 46M, peak: 46M
current process commit charge ("private bytes"): 152M, peak: 152M

vm_info: Java HotSpot(TM) 64-Bit Server VM (19.0.2+7-44) for windows-amd64 JRE (19.0.2+7-44), built on 2022-11-30T18:02:09Z by "mach5one" with MS VC++ 17.1 (VS2022)

END.
